<?xml version="1.0" encoding="UTF-8"?>
<!-- Generated by org.testng.reporters.JUnitReportReporter -->
<testsuite hostname="DESKTOP-UOE2L75" failures="0" tests="1" name="cases.TCOO3" time="80.490" errors="0" timestamp="2021-06-22T16:42:30 IST" skipped="0">
  <testcase classname="cases.TCOO3" name="openbrowser" time="80.490"/>
  <system-out/>
</testsuite> <!-- cases.TCOO3 -->
